Arguments: 
  /Users/underdog/.nvm/versions/node/v9.2.0/bin/node /Users/underdog/.nvm/versions/node/v9.2.0/bin/yarn compile

PATH: 
  /Users/underdog/.nvm/versions/node/v9.2.0/bin:/Users/underdog/go/bin:/usr/local/bin:/usr/local/sbin:/usr/local/bin:/usr/bin:/bin:/usr/sbin:/sbin:/Users/underdog/go/bin:/usr/local/sbin

Yarn version: 
  1.9.4

Node version: 
  9.2.0

Platform: 
  darwin x64

Trace: 
  SyntaxError: /Users/underdog/work/Weekly-Token-Race/Weekly-Token-Race-Api/package.json: Unexpected string in JSON at position 158
      at JSON.parse (<anonymous>)
      at /Users/underdog/.nvm/versions/node/v9.2.0/lib/node_modules/yarn/lib/cli.js:1130:59
      at Generator.next (<anonymous>)
      at step (/Users/underdog/.nvm/versions/node/v9.2.0/lib/node_modules/yarn/lib/cli.js:92:30)
      at /Users/underdog/.nvm/versions/node/v9.2.0/lib/node_modules/yarn/lib/cli.js:103:13
      at <anonymous>

npm manifest: 
  {
    "name": "Weekly-Token-Race-Api",
    "version": "0.0.1",
    "description": "Weekly Token Race API wrapper",
    "script": {
      "compile": "src --watch"
    }
    "main": "index.js",
    "repository": "https://github.com/magiceddy/Weekly-Token-Race-Api.git",
    "author": "magiceddy <rinaldo.rossi.web@gmail.com>",
    "license": "MIT",
    "dependencies": {
      "axios": "^0.18.0"
    }
  }

yarn manifest: 
  No manifest

Lockfile: 
  # THIS IS AN AUTOGENERATED FILE. DO NOT EDIT THIS FILE DIRECTLY.
  # yarn lockfile v1
  
  
  axios@^0.18.0:
    version "0.18.0"
    resolved "https://registry.yarnpkg.com/axios/-/axios-0.18.0.tgz#32d53e4851efdc0a11993b6cd000789d70c05102"
    dependencies:
      follow-redirects "^1.3.0"
      is-buffer "^1.1.5"
  
  debug@^3.1.0:
    version "3.1.0"
    resolved "https://registry.yarnpkg.com/debug/-/debug-3.1.0.tgz#5bb5a0672628b64149566ba16819e61518c67261"
    dependencies:
      ms "2.0.0"
  
  follow-redirects@^1.3.0:
    version "1.5.6"
    resolved "https://registry.yarnpkg.com/follow-redirects/-/follow-redirects-1.5.6.tgz#44eb4fe1981dff25e2bd86b7d4033abcdb81e965"
    dependencies:
      debug "^3.1.0"
  
  is-buffer@^1.1.5:
    version "1.1.6"
    resolved "https://registry.yarnpkg.com/is-buffer/-/is-buffer-1.1.6.tgz#efaa2ea9daa0d7ab2ea13a97b2b8ad51fefbe8be"
  
  ms@2.0.0:
    version "2.0.0"
    resolved "https://registry.yarnpkg.com/ms/-/ms-2.0.0.tgz#5608aeadfc00be6c2901df5f9861788de0d597c8"
